<?xml version="1.0" encoding="UTF-8"?>
<testsuite xmlns:xsi="http://www.w3.org/2001/XMLSchema-instance" xsi:noNamespaceSchemaLocation="https://maven.apache.org/surefire/maven-surefire-plugin/xsd/surefire-test-report-3.0.xsd" version="3.0" name="cafepos.PaymentTest" time="0.007" tests="4" errors="0" skipped="0" failures="0">
  <properties>
[...]
</properties>
  <testcase name="payment_strategy_called_with_cash_payment" classname="cafepos.PaymentTest" time="0.001"/>
  <testcase name="payment_strategy_called" classname="cafepos.PaymentTest" time="0.002"/>
  <testcase name="payment_strategy_called_with_multiple_products" classname="cafepos.PaymentTest" time="0.001"/>
  <testcase name="payment_strategy_called_with_card_payment" classname="cafepos.PaymentTest" time="0.0"/>
</testsuite>